%!Adobe-FontList 1.14
%Locale:0x409

%BeginFont
Handler:DirectoryHandler
FontType:TrueType
FontName:Cochin
FamilyName:Cochin
StyleName:Regular
MenuName:Cochin
StyleBits:0
WeightClass:500
WidthClass:5
AngleClass:0
FullName:Cochin
WritingScript:Roman
OutlineFileName:\Cochin.ttc
TTCOffset:40
DataFormat:sfntData
FileLength:1224236
FileModTime:1440824755
%EndFont

%BeginFont
Handler:DirectoryHandler
FontType:TrueType
FontName:Cochin-Bold
FamilyName:Cochin
StyleName:Bold
MenuName:Cochin
StyleBits:2
WeightClass:700
WidthClass:5
AngleClass:0
FullName:Cochin Bold
WritingScript:Roman
OutlineFileName:\Cochin.ttc
TTCOffset:436
DataFormat:sfntData
FileLength:1224236
FileModTime:1440824755
%EndFont

%BeginFont
Handler:DirectoryHandler
FontType:TrueType
FontName:Cochin-Italic
FamilyName:Cochin
StyleName:Italic
MenuName:Cochin
StyleBits:1
WeightClass:500
WidthClass:5
AngleClass:1
FullName:Cochin Italic
WritingScript:Roman
OutlineFileName:\Cochin.ttc
TTCOffset:816
DataFormat:sfntData
FileLength:1224236
FileModTime:1440824755
%EndFont

%BeginFont
Handler:DirectoryHandler
FontType:TrueType
FontName:Cochin-BoldItalic
FamilyName:Cochin
StyleName:Bold Italic
MenuName:Cochin
StyleBits:3
WeightClass:700
WidthClass:5
AngleClass:1
FullName:Cochin Bold Italic
WritingScript:Roman
OutlineFileName:\Cochin.ttc
TTCOffset:1196
DataFormat:sfntData
FileLength:1224236
FileModTime:1440824755
%EndFont

%BeginFont
Handler:DirectoryHandler
FontType:Type1
FontName:GothamPro-Black
FamilyName:Gotham Pro
StyleName:Black
MenuName:Gotham Pro Black
StyleBits:0
WeightClass:400
WidthClass:5
AngleClass:0
FullName:Gotham Pro Black
WritingScript:Roman
OutlineFileName:\GothaProBla.otf
DataFormat:sfntData
UsesStandardEncoding:yes
isCFF:yes
FileLength:46436
FileModTime:1197483894
%EndFont

%BeginFont
Handler:DirectoryHandler
FontType:Type1
FontName:GothamPro-Light
FamilyName:Gotham Pro
StyleName:Light
MenuName:Gotham Pro Light
StyleBits:0
WeightClass:400
WidthClass:5
AngleClass:0
FullName:Gotham Pro Light
WritingScript:Roman
OutlineFileName:\GothaProLig.otf
DataFormat:sfntData
UsesStandardEncoding:yes
isCFF:yes
FileLength:45532
FileModTime:1197483722
%EndFont

%BeginFont
Handler:DirectoryHandler
FontType:Type1
FontName:GothamPro-Medium
FamilyName:Gotham Pro
StyleName:Medium
MenuName:Gotham Pro Medium
StyleBits:0
WeightClass:400
WidthClass:5
AngleClass:0
FullName:Gotham Pro Medium
WritingScript:Roman
OutlineFileName:\GothaProMed.otf
DataFormat:sfntData
UsesStandardEncoding:yes
isCFF:yes
FileLength:47044
FileModTime:1197483868
%EndFont

